[2023-02-01T14:11:37.517] [ERROR] default - CastError: Cast to Number failed for value "gorros" (type string) at path "id" for model "productos"
    at model.Query.exec (C:\backend\desafio\node_modules\mongoose\lib\query.js:4891:21)
    at Query.then (C:\backend\desafio\node_modules\mongoose\lib\query.js:4990:15)
    at process.processTicksAndRejections (node:internal/process/task_queues:95:5) {
  messageFormat: undefined,
  stringValue: '"gorros"',
  kind: 'Number',
  value: 'gorros',
  path: 'id',
  reason: AssertionError [ERR_ASSERTION]: The expression evaluated to a falsy value:
  
    assert.ok(!isNaN(val))
  
      at castNumber (C:\backend\desafio\node_modules\mongoose\lib\cast\number.js:27:10)
      at SchemaNumber.cast (C:\backend\desafio\node_modules\mongoose\lib\schema\number.js:376:12)
      at SchemaType.applySetters (C:\backend\desafio\node_modules\mongoose\lib\schematype.js:1201:12)
      at SchemaType._castForQuery (C:\backend\desafio\node_modules\mongoose\lib\schematype.js:1648:15)
      at SchemaNumber.castForQuery (C:\backend\desafio\node_modules\mongoose\lib\schema\number.js:430:14)
      at SchemaType.castForQueryWrapper (C:\backend\desafio\node_modules\mongoose\lib\schematype.js:1612:20)
      at cast (C:\backend\desafio\node_modules\mongoose\lib\cast.js:342:32)
      at Query.cast (C:\backend\desafio\node_modules\mongoose\lib\query.js:5319:12)
      at Query._castConditions (C:\backend\desafio\node_modules\mongoose\lib\query.js:2198:10)
      at model.Query.<anonymous> (C:\backend\desafio\node_modules\mongoose\lib\query.js:2225:8) {
    generatedMessage: true,
    code: 'ERR_ASSERTION',
    actual: false,
    expected: true,
    operator: '=='
  },
  valueType: 'string'
}
[2023-03-03T13:39:02.214] [ERROR] default - ReferenceError: TEST_MAIL is not defined
    at registerNewUser (file:///D:/Mis%20Documentos/Desktop/Portfolio/backend-coderhouse/src/controllers/auth.controller.js:106:21)
    at process.processTicksAndRejections (node:internal/process/task_queues:95:5)
[2023-03-03T13:40:11.013] [ERROR] default - ReferenceError: TEST_MAIL is not defined
    at registerNewUser (file:///D:/Mis%20Documentos/Desktop/Portfolio/backend-coderhouse/src/controllers/auth.controller.js:106:21)
    at process.processTicksAndRejections (node:internal/process/task_queues:95:5)
